2019-04-24 15:10:39<xml><ToUserName><![CDATA[gh_e6160c3a110e]]></ToUserName>
<FromUserName><![CDATA[oo9tb1NtLj99L8o0HFUxWCAfOdqk]]></FromUserName>
<CreateTime>1556084765</CreateTime>
<MsgType><![CDATA[text]]></MsgType>
<Content><![CDATA[最新商品]]></Content>
<MsgId>22277779360587124</MsgId>
</xml>
2019-04-24 15:11:14<xml><ToUserName><![CDATA[gh_e6160c3a110e]]></ToUserName>
<FromUserName><![CDATA[oo9tb1NtLj99L8o0HFUxWCAfOdqk]]></FromUserName>
<CreateTime>1556084765</CreateTime>
<MsgType><![CDATA[text]]></MsgType>
<Content><![CDATA[最新商品]]></Content>
<MsgId>22277779360587124</MsgId>
</xml>
2019-04-24 19:11:03<xml><ToUserName><![CDATA[gh_e6160c3a110e]]></ToUserName>
<FromUserName><![CDATA[oo9tb1NtLj99L8o0HFUxWCAfOdqk]]></FromUserName>
<CreateTime>1556084765</CreateTime>
<MsgType><![CDATA[text]]></MsgType>
<Content><![CDATA[最新商品]]></Content>
<MsgId>22277779360587124</MsgId>
</xml>
2019-04-30 09:59:00<xml><ToUserName><![CDATA[gh_e6160c3a110e]]></ToUserName>
<FromUserName><![CDATA[oo9tb1NtLj99L8o0HFUxWCAfOdqk]]></FromUserName>
<CreateTime>1556084765</CreateTime>
<MsgType><![CDATA[text]]></MsgType>
<Content><![CDATA[最新商品]]></Content>
<MsgId>22277779360587124</MsgId>
</xml>
2019-05-06 11:04:27<xml><ToUserName><![CDATA[gh_e6160c3a110e]]></ToUserName>
<FromUserName><![CDATA[oo9tb1NtLj99L8o0HFUxWCAfOdqk]]></FromUserName>
<CreateTime>1557104981</CreateTime>
<MsgType><![CDATA[text]]></MsgType>
<Content><![CDATA[天气]]></Content>
<MsgId>22292379295718450</MsgId>
</xml>
2019-05-06 11:09:17<xml><ToUserName><![CDATA[gh_e6160c3a110e]]></ToUserName>
<FromUserName><![CDATA[oo9tb1NtLj99L8o0HFUxWCAfOdqk]]></FromUserName>
<CreateTime>1557104981</CreateTime>
<MsgType><![CDATA[text]]></MsgType>
<Content><![CDATA[天气]]></Content>
<MsgId>22292379295718450</MsgId>
</xml>
2019-05-06 11:10:37<xml><ToUserName><![CDATA[gh_e6160c3a110e]]></ToUserName>
<FromUserName><![CDATA[oo9tb1NtLj99L8o0HFUxWCAfOdqk]]></FromUserName>
<CreateTime>1557104981</CreateTime>
<MsgType><![CDATA[text]]></MsgType>
<Content><![CDATA[天气]]></Content>
<MsgId>22292379295718450</MsgId>
</xml>
2019-05-06 11:27:50<xml><ToUserName><![CDATA[gh_e6160c3a110e]]></ToUserName>
<FromUserName><![CDATA[oo9tb1NtLj99L8o0HFUxWCAfOdqk]]></FromUserName>
<CreateTime>1557104981</CreateTime>
<MsgType><![CDATA[text]]></MsgType>
<Content><![CDATA[天气]]></Content>
<MsgId>22292379295718450</MsgId>
</xml>
2019-05-06 14:44:21<xml><ToUserName><![CDATA[gh_e6160c3a110e]]></ToUserName>
<FromUserName><![CDATA[oo9tb1NtLj99L8o0HFUxWCAfOdqk]]></FromUserName>
<CreateTime>1557104981</CreateTime>
<MsgType><![CDATA[text]]></MsgType>
<Content><![CDATA[天气]]></Content>
<MsgId>22292379295718450</MsgId>
</xml>
2019-05-06 14:50:51<xml><ToUserName><![CDATA[gh_e6160c3a110e]]></ToUserName>
<FromUserName><![CDATA[oo9tb1NtLj99L8o0HFUxWCAfOdqk]]></FromUserName>
<CreateTime>1557104981</CreateTime>
<MsgType><![CDATA[text]]></MsgType>
<Content><![CDATA[天气]]></Content>
<MsgId>22292379295718450</MsgId>
</xml>
2019-05-06 14:54:12<xml><ToUserName><![CDATA[gh_e6160c3a110e]]></ToUserName>
<FromUserName><![CDATA[oo9tb1NtLj99L8o0HFUxWCAfOdqk]]></FromUserName>
<CreateTime>1557104981</CreateTime>
<MsgType><![CDATA[text]]></MsgType>
<Content><![CDATA[天气]]></Content>
<MsgId>22292379295718450</MsgId>
</xml>
2019-05-06 14:54:35<xml><ToUserName><![CDATA[gh_e6160c3a110e]]></ToUserName>
<FromUserName><![CDATA[oo9tb1NtLj99L8o0HFUxWCAfOdqk]]></FromUserName>
<CreateTime>1557104981</CreateTime>
<MsgType><![CDATA[text]]></MsgType>
<Content><![CDATA[天气]]></Content>
<MsgId>22292379295718450</MsgId>
</xml>
2019-05-06 14:54:55<xml><ToUserName><![CDATA[gh_e6160c3a110e]]></ToUserName>
<FromUserName><![CDATA[oo9tb1NtLj99L8o0HFUxWCAfOdqk]]></FromUserName>
<CreateTime>1557104981</CreateTime>
<MsgType><![CDATA[text]]></MsgType>
<Content><![CDATA[天气]]></Content>
<MsgId>22292379295718450</MsgId>
</xml>
2019-05-06 14:56:54<xml><ToUserName><![CDATA[gh_e6160c3a110e]]></ToUserName>
<FromUserName><![CDATA[oo9tb1NtLj99L8o0HFUxWCAfOdqk]]></FromUserName>
<CreateTime>1557104981</CreateTime>
<MsgType><![CDATA[text]]></MsgType>
<Content><![CDATA[天气]]></Content>
<MsgId>22292379295718450</MsgId>
</xml>
2019-05-06 15:00:13<xml><ToUserName><![CDATA[gh_e6160c3a110e]]></ToUserName>
<FromUserName><![CDATA[oo9tb1NtLj99L8o0HFUxWCAfOdqk]]></FromUserName>
<CreateTime>1557104981</CreateTime>
<MsgType><![CDATA[text]]></MsgType>
<Content><![CDATA[天气]]></Content>
<MsgId>22292379295718450</MsgId>
</xml>
2019-05-06 15:08:26<xml><ToUserName><![CDATA[gh_e6160c3a110e]]></ToUserName>
<FromUserName><![CDATA[oo9tb1NtLj99L8o0HFUxWCAfOdqk]]></FromUserName>
<CreateTime>1557104981</CreateTime>
<MsgType><![CDATA[text]]></MsgType>
<Content><![CDATA[天气]]></Content>
<MsgId>22292379295718450</MsgId>
</xml>
2019-05-06 15:08:52<xml><ToUserName><![CDATA[gh_e6160c3a110e]]></ToUserName>
<FromUserName><![CDATA[oo9tb1NtLj99L8o0HFUxWCAfOdqk]]></FromUserName>
<CreateTime>1557104981</CreateTime>
<MsgType><![CDATA[text]]></MsgType>
<Content><![CDATA[天气]]></Content>
<MsgId>22292379295718450</MsgId>
</xml>
2019-05-06 15:09:24<xml><ToUserName><![CDATA[gh_e6160c3a110e]]></ToUserName>
<FromUserName><![CDATA[oo9tb1NtLj99L8o0HFUxWCAfOdqk]]></FromUserName>
<CreateTime>1557104981</CreateTime>
<MsgType><![CDATA[text]]></MsgType>
<Content><![CDATA[天气]]></Content>
<MsgId>22292379295718450</MsgId>
</xml>
2019-05-06 15:09:58<xml><ToUserName><![CDATA[gh_e6160c3a110e]]></ToUserName>
<FromUserName><![CDATA[oo9tb1NtLj99L8o0HFUxWCAfOdqk]]></FromUserName>
<CreateTime>1557104981</CreateTime>
<MsgType><![CDATA[text]]></MsgType>
<Content><![CDATA[天气]]></Content>
<MsgId>22292379295718450</MsgId>
</xml>
2019-05-06 15:12:31<xml><ToUserName><![CDATA[gh_e6160c3a110e]]></ToUserName>
<FromUserName><![CDATA[oo9tb1NtLj99L8o0HFUxWCAfOdqk]]></FromUserName>
<CreateTime>1557104981</CreateTime>
<MsgType><![CDATA[text]]></MsgType>
<Content><![CDATA[天气]]></Content>
<MsgId>22292379295718450</MsgId>
</xml>
2019-05-06 15:43:55<xml><ToUserName><![CDATA[gh_e6160c3a110e]]></ToUserName>
<FromUserName><![CDATA[oo9tb1NtLj99L8o0HFUxWCAfOdqk]]></FromUserName>
<CreateTime>1557104981</CreateTime>
<MsgType><![CDATA[text]]></MsgType>
<Content><![CDATA[天气]]></Content>
<MsgId>22292379295718450</MsgId>
</xml>
2019-05-06 15:44:44<xml><ToUserName><![CDATA[gh_e6160c3a110e]]></ToUserName>
<FromUserName><![CDATA[oo9tb1NtLj99L8o0HFUxWCAfOdqk]]></FromUserName>
<CreateTime>1557104981</CreateTime>
<MsgType><![CDATA[text]]></MsgType>
<Content><![CDATA[天气]]></Content>
<MsgId>22292379295718450</MsgId>
</xml>
2019-05-06 15:45:19<xml><ToUserName><![CDATA[gh_e6160c3a110e]]></ToUserName>
<FromUserName><![CDATA[oo9tb1NtLj99L8o0HFUxWCAfOdqk]]></FromUserName>
<CreateTime>1557104981</CreateTime>
<MsgType><![CDATA[text]]></MsgType>
<Content><![CDATA[天气]]></Content>
<MsgId>22292379295718450</MsgId>
</xml>
