2019-04-30 11:09:00<xml><ToUserName><![CDATA[gh_e6160c3a110e]]></ToUserName>
<FromUserName><![CDATA[oo9tb1NtLj99L8o0HFUxWCAfOdqk]]></FromUserName>
<CreateTime>1556084765</CreateTime>
<MsgType><![CDATA[text]]></MsgType>
<Content><![CDATA[最新商品]]></Content>
<MsgId>22277779360587124</MsgId>
</xml>
2019-04-30 11:20:32<xml><ToUserName><![CDATA[gh_e6160c3a110e]]></ToUserName>
<FromUserName><![CDATA[oo9tb1NtLj99L8o0HFUxWCAfOdqk]]></FromUserName>
<CreateTime>1556084765</CreateTime>
<MsgType><![CDATA[text]]></MsgType>
<Content><![CDATA[最新商品]]></Content>
<MsgId>22277779360587124</MsgId>
</xml>
2019-04-30 11:36:49<xml><ToUserName><![CDATA[gh_e6160c3a110e]]></ToUserName>
<FromUserName><![CDATA[oo9tb1NtLj99L8o0HFUxWCAfOdqk]]></FromUserName>
<CreateTime>1556084765</CreateTime>
<MsgType><![CDATA[text]]></MsgType>
<Content><![CDATA[最新商品]]></Content>
<MsgId>22277779360587124</MsgId>
</xml>
2019-04-30 11:38:06<xml><ToUserName><![CDATA[gh_e6160c3a110e]]></ToUserName>
<FromUserName><![CDATA[oo9tb1NtLj99L8o0HFUxWCAfOdqk]]></FromUserName>
<CreateTime>1556084765</CreateTime>
<MsgType><![CDATA[text]]></MsgType>
<Content><![CDATA[最新商品]]></Content>
<MsgId>22277779360587124</MsgId>
</xml>
2019-04-30 11:50:43<xml><ToUserName><![CDATA[gh_e6160c3a110e]]></ToUserName>
<FromUserName><![CDATA[oo9tb1NtLj99L8o0HFUxWCAfOdqk]]></FromUserName>
<CreateTime>1556084765</CreateTime>
<MsgType><![CDATA[text]]></MsgType>
<Content><![CDATA[最新商品]]></Content>
<MsgId>22277779360587124</MsgId>
</xml>
2019-04-30 11:52:47<xml><ToUserName><![CDATA[gh_e6160c3a110e]]></ToUserName>
<FromUserName><![CDATA[oo9tb1NtLj99L8o0HFUxWCAfOdqk]]></FromUserName>
<CreateTime>1556084765</CreateTime>
<MsgType><![CDATA[text]]></MsgType>
<Content><![CDATA[最新商品]]></Content>
<MsgId>22277779360587124</MsgId>
</xml>
2019-04-30 11:53:22<xml><ToUserName><![CDATA[gh_e6160c3a110e]]></ToUserName>
<FromUserName><![CDATA[oo9tb1NtLj99L8o0HFUxWCAfOdqk]]></FromUserName>
<CreateTime>1556084765</CreateTime>
<MsgType><![CDATA[text]]></MsgType>
<Content><![CDATA[最新商品]]></Content>
<MsgId>22277779360587124</MsgId>
</xml>
2019-04-30 11:54:00<xml><ToUserName><![CDATA[gh_e6160c3a110e]]></ToUserName>
<FromUserName><![CDATA[oo9tb1NtLj99L8o0HFUxWCAfOdqk]]></FromUserName>
<CreateTime>1556084765</CreateTime>
<MsgType><![CDATA[text]]></MsgType>
<Content><![CDATA[最新商品]]></Content>
<MsgId>22277779360587124</MsgId>
</xml>
